<?xml version="1.0" encoding="UTF-8"?>
<testng-results ignored="0" total="1" passed="1" failed="0" skipped="0">
  <reporter-output>
  </reporter-output>
  <suite started-at="2021-10-07T09:47:07 IST" name="Default suite" finished-at="2021-10-07T09:50:53 IST" duration-ms="226883">
    <groups>
    </groups>
    <test started-at="2021-10-07T09:47:07 IST" name="Default test" finished-at="2021-10-07T09:50:53 IST" duration-ms="226883">
      <class name="concall.MonetConcall_LiveProject.UploadFakevideo">
        <test-method signature="operation()[pri:0, instance:concall.MonetConcall_LiveProject.UploadFakevideo@747edf66]" started-at="2021-10-07T09:47:07 IST" name="operation" finished-at="2021-10-07T09:50:53 IST" duration-ms="226823" status="PASS">
          <reporter-output>
          </reporter-output>
        </test-method> <!-- operation -->
      </class> <!-- concall.MonetConcall_LiveProject.UploadFakevideo -->
    </test> <!-- Default test -->
  </suite> <!-- Default suite -->
</testng-results>
